# JRE version: 7.0_21-b11
# Java VM: Java HotSpot(TM) 64-Bit Server VM (23.21-b01 mixed mode windows-amd64 compressed oops)
Heap
 PSYoungGen      total 499200K, used 405206K [0x00000000e0ab0000, 0x00000000ff8a0000, 0x0000000100000000)
  eden space 492800K, 82% used [0x00000000e0ab0000,0x00000000f95ed8c0,0x00000000febf0000)
  from space 6400K, 7% used [0x00000000ff240000,0x00000000ff2b8000,0x00000000ff880000)
  to   space 6464K, 0% used [0x00000000febf0000,0x00000000febf0000,0x00000000ff240000)
 ParOldGen       total 64128K, used 8731K [0x00000000a2000000, 0x00000000a5ea0000, 0x00000000e0ab0000)
  object space 64128K, 13% used [0x00000000a2000000,0x00000000a2886dd0,0x00000000a5ea0000)
 PSPermGen       total 21248K, used 12973K [0x000000009ce00000, 0x000000009e2c0000, 0x00000000a2000000)
  object space 21248K, 61% used [0x000000009ce00000,0x000000009daab400,0x000000009e2c0000)
GC Heap History (10 events):
Event: 5.823 GC heap before
{Heap before GC invocations=8 (full 0):
 PSYoungGen      total 101632K, used 97888K [0x00000000e0ab0000, 0x00000000ed230000, 0x0000000100000000)
  eden space 96512K, 100% used [0x00000000e0ab0000,0x00000000e68f0000,0x00000000e68f0000)
  from space 5120K, 26% used [0x00000000e68f0000,0x00000000e6a48000,0x00000000e6df0000)
  to   space 5632K, 0% used [0x00000000eccb0000,0x00000000eccb0000,0x00000000ed230000)
 ParOldGen       total 64128K, used 8403K [0x00000000a2000000, 0x00000000a5ea0000, 0x00000000e0ab0000)
  object space 64128K, 13% used [0x00000000a2000000,0x00000000a2834e80,0x00000000a5ea0000)
 PSPermGen       total 21248K, used 12937K [0x000000009ce00000, 0x000000009e2c0000, 0x00000000a2000000)
  object space 21248K, 60% used [0x000000009ce00000,0x000000009daa2798,0x000000009e2c0000)
Event: 5.824 GC heap after
Heap after GC invocations=8 (full 0):
 PSYoungGen      total 198208K, used 416K [0x00000000e0ab0000, 0x00000000ed310000, 0x0000000100000000)
  eden space 192576K, 0% used [0x00000000e0ab0000,0x00000000e0ab0000,0x00000000ec6c0000)
  from space 5632K, 7% used [0x00000000eccb0000,0x00000000ecd18000,0x00000000ed230000)
  to   space 6080K, 0% used [0x00000000ec6c0000,0x00000000ec6c0000,0x00000000eccb0000)
 ParOldGen       total 64128K, used 8731K [0x00000000a2000000, 0x00000000a5ea0000, 0x00000000e0ab0000)
  object space 64128K, 13% used [0x00000000a2000000,0x00000000a2886dd0,0x00000000a5ea0000)
 PSPermGen       total 21248K, used 12937K [0x000000009ce00000, 0x000000009e2c0000, 0x00000000a2000000)
  object space 21248K, 60% used [0x000000009ce00000,0x000000009daa2798,0x000000009e2c0000)
}
Event: 6.227 GC heap before
{Heap before GC invocations=9 (full 0):
 PSYoungGen      total 198208K, used 192992K [0x00000000e0ab0000, 0x00000000ed310000, 0x0000000100000000)
  eden space 192576K, 100% used [0x00000000e0ab0000,0x00000000ec6c0000,0x00000000ec6c0000)
  from space 5632K, 7% used [0x00000000eccb0000,0x00000000ecd18000,0x00000000ed230000)
  to   space 6080K, 0% used [0x00000000ec6c0000,0x00000000ec6c0000,0x00000000eccb0000)
 ParOldGen       total 64128K, used 8731K [0x00000000a2000000, 0x00000000a5ea0000, 0x00000000e0ab0000)
  object space 64128K, 13% used [0x00000000a2000000,0x00000000a2886dd0,0x00000000a5ea0000)
 PSPermGen       total 21248K, used 12940K [0x000000009ce00000, 0x000000009e2c0000, 0x00000000a2000000)
  object space 21248K, 60% used [0x000000009ce00000,0x000000009daa3288,0x000000009e2c0000)
Event: 6.229 GC heap after
Heap after GC invocations=9 (full 0):
 PSYoungGen      total 198656K, used 864K [0x00000000e0ab0000, 0x00000000f43e0000, 0x0000000100000000)
  eden space 192576K, 0% used [0x00000000e0ab0000,0x00000000e0ab0000,0x00000000ec6c0000)
  from space 6080K, 14% used [0x00000000ec6c0000,0x00000000ec798000,0x00000000eccb0000)
  to   space 6272K, 0% used [0x00000000f3dc0000,0x00000000f3dc0000,0x00000000f43e0000)
 ParOldGen       total 64128K, used 8731K [0x00000000a2000000, 0x00000000a5ea0000, 0x00000000e0ab0000)
  object space 64128K, 13% used [0x00000000a2000000,0x00000000a2886dd0,0x00000000a5ea0000)
 PSPermGen       total 21248K, used 12940K [0x000000009ce00000, 0x000000009e2c0000, 0x00000000a2000000)
  object space 21248K, 60% used [0x000000009ce00000,0x000000009daa3288,0x000000009e2c0000)
}
Event: 6.596 GC heap before
{Heap before GC invocations=10 (full 0):
 PSYoungGen      total 198656K, used 193440K [0x00000000e0ab0000, 0x00000000f43e0000, 0x0000000100000000)
  eden space 192576K, 100% used [0x00000000e0ab0000,0x00000000ec6c0000,0x00000000ec6c0000)
  from space 6080K, 14% used [0x00000000ec6c0000,0x00000000ec798000,0x00000000eccb0000)
  to   space 6272K, 0% used [0x00000000f3dc0000,0x00000000f3dc0000,0x00000000f43e0000)
 ParOldGen       total 64128K, used 8731K [0x00000000a2000000, 0x00000000a5ea0000, 0x00000000e0ab0000)
  object space 64128K, 13% used [0x00000000a2000000,0x00000000a2886dd0,0x00000000a5ea0000)
 PSPermGen       total 21248K, used 12940K [0x000000009ce00000, 0x000000009e2c0000, 0x00000000a2000000)
  object space 21248K, 60% used [0x000000009ce00000,0x000000009daa3288,0x000000009e2c0000)
Event: 6.597 GC heap after
Heap after GC invocations=10 (full 0):
 PSYoungGen      total 314304K, used 736K [0x00000000e0ab0000, 0x00000000f4420000, 0x0000000100000000)
  eden space 308032K, 0% used [0x00000000e0ab0000,0x00000000e0ab0000,0x00000000f3780000)
  from space 6272K, 11% used [0x00000000f3dc0000,0x00000000f3e78000,0x00000000f43e0000)
  to   space 6400K, 0% used [0x00000000f3780000,0x00000000f3780000,0x00000000f3dc0000)
 ParOldGen       total 64128K, used 8731K [0x00000000a2000000, 0x00000000a5ea0000, 0x00000000e0ab0000)
  object space 64128K, 13% used [0x00000000a2000000,0x00000000a2886dd0,0x00000000a5ea0000)
 PSPermGen       total 21248K, used 12940K [0x000000009ce00000, 0x000000009e2c0000, 0x00000000a2000000)
  object space 21248K, 60% used [0x000000009ce00000,0x000000009daa3288,0x000000009e2c0000)
}
Event: 7.250 GC heap before
{Heap before GC invocations=11 (full 0):
 PSYoungGen      total 314304K, used 308768K [0x00000000e0ab0000, 0x00000000f4420000, 0x0000000100000000)
  eden space 308032K, 100% used [0x00000000e0ab0000,0x00000000f3780000,0x00000000f3780000)
  from space 6272K, 11% used [0x00000000f3dc0000,0x00000000f3e78000,0x00000000f43e0000)
  to   space 6400K, 0% used [0x00000000f3780000,0x00000000f3780000,0x00000000f3dc0000)
 ParOldGen       total 64128K, used 8731K [0x00000000a2000000, 0x00000000a5ea0000, 0x00000000e0ab0000)
  object space 64128K, 13% used [0x00000000a2000000,0x00000000a2886dd0,0x00000000a5ea0000)
 PSPermGen       total 21248K, used 12941K [0x000000009ce00000, 0x000000009e2c0000, 0x00000000a2000000)
  object space 21248K, 60% used [0x000000009ce00000,0x000000009daa34d0,0x000000009e2c0000)
Event: 7.251 GC heap after
Heap after GC invocations=11 (full 0):
 PSYoungGen      total 314432K, used 832K [0x00000000e0ab0000, 0x00000000ff880000, 0x0000000100000000)
  eden space 308032K, 0% used [0x00000000e0ab0000,0x00000000e0ab0000,0x00000000f3780000)
  from space 6400K, 13% used [0x00000000f3780000,0x00000000f3850000,0x00000000f3dc0000)
  to   space 6400K, 0% used [0x00000000ff240000,0x00000000ff240000,0x00000000ff880000)
 ParOldGen       total 64128K, used 8731K [0x00000000a2000000, 0x00000000a5ea0000, 0x00000000e0ab0000)
  object space 64128K, 13% used [0x00000000a2000000,0x00000000a2886dd0,0x00000000a5ea0000)
 PSPermGen       total 21248K, used 12941K [0x000000009ce00000, 0x000000009e2c0000, 0x00000000a2000000)
  object space 21248K, 60% used [0x000000009ce00000,0x000000009daa34d0,0x000000009e2c0000)
}
Event: 7.867 GC heap before
{Heap before GC invocations=12 (full 0):
 PSYoungGen      total 314432K, used 308864K [0x00000000e0ab0000, 0x00000000ff880000, 0x0000000100000000)
  eden space 308032K, 100% used [0x00000000e0ab0000,0x00000000f3780000,0x00000000f3780000)
  from space 6400K, 13% used [0x00000000f3780000,0x00000000f3850000,0x00000000f3dc0000)
  to   space 6400K, 0% used [0x00000000ff240000,0x00000000ff240000,0x00000000ff880000)
 ParOldGen       total 64128K, used 8731K [0x00000000a2000000, 0x00000000a5ea0000, 0x00000000e0ab0000)
  object space 64128K, 13% used [0x00000000a2000000,0x00000000a2886dd0,0x00000000a5ea0000)
 PSPermGen       total 21248K, used 12945K [0x000000009ce00000, 0x000000009e2c0000, 0x00000000a2000000)
  object space 21248K, 60% used [0x000000009ce00000,0x000000009daa44a8,0x000000009e2c0000)
Event: 7.867 GC heap after
Heap after GC invocations=12 (full 0):
 PSYoungGen      total 499200K, used 480K [0x00000000e0ab0000, 0x00000000ff8a0000, 0x0000000100000000)
  eden space 492800K, 0% used [0x00000000e0ab0000,0x00000000e0ab0000,0x00000000febf0000)
  from space 6400K, 7% used [0x00000000ff240000,0x00000000ff2b8000,0x00000000ff880000)
  to   space 6464K, 0% used [0x00000000febf0000,0x00000000febf0000,0x00000000ff240000)
 ParOldGen       total 64128K, used 8731K [0x00000000a2000000, 0x00000000a5ea0000, 0x00000000e0ab0000)
  object space 64128K, 13% used [0x00000000a2000000,0x00000000a2886dd0,0x00000000a5ea0000)
 PSPermGen       total 21248K, used 12945K [0x000000009ce00000, 0x000000009e2c0000, 0x00000000a2000000)
  object space 21248K, 60% used [0x000000009ce00000,0x000000009daa44a8,0x000000009e2c0000)
}

